<?xml version="1.0" encoding="UTF-8"?>
<!-- Generated by org.testng.reporters.JUnitReportReporter -->
<testsuite hostname="LAPTOP-6TA1GC3K" failures="0" tests="1" name="com.demoblaze.testcases.SignUpPageTest" time="2.438" errors="0" timestamp="2022-05-04T00:52:18 IST" skipped="0">
  <testcase classname="com.demoblaze.testcases.SignUpPageTest" name="registerUser" time="2.438"/>
  <system-out/>
</testsuite> <!-- com.demoblaze.testcases.SignUpPageTest -->
