<?xml version="1.0" encoding="UTF-8"?>
<!-- Generated by org.testng.reporters.JUnitReportReporter -->
<testsuite hostname="LAPTOP-6TA1GC3K" failures="0" tests="3" name="com.demoblaze.testcases.CartPageTest" time="11.884" errors="0" timestamp="2022-05-04T00:52:18 IST" skipped="0">
  <testcase classname="com.demoblaze.testcases.CartPageTest" name="goToCart" time="6.035"/>
  <system-out/>
  <testcase classname="com.demoblaze.testcases.CartPageTest" name="validateDeleteItem" time="5.712"/>
  <system-out/>
  <testcase classname="com.demoblaze.testcases.CartPageTest" name="valiadteTotalProductPrice" time="0.137"/>
  <system-out/>
</testsuite> <!-- com.demoblaze.testcases.CartPageTest -->
