<?xml version="1.0" encoding="UTF-8"?>
<!-- Generated by org.testng.reporters.JUnitReportReporter -->
<testsuite hostname="LAPTOP-6TA1GC3K" failures="0" tests="3" name="com.demoblaze.testcases.LoginPageTest" time="17.442" errors="0" timestamp="2022-05-04T00:52:18 IST" skipped="0">
  <testcase classname="com.demoblaze.testcases.LoginPageTest" name="loginTest" time="6.429"/>
  <system-out/>
  <testcase classname="com.demoblaze.testcases.LoginPageTest" name="loginTest" time="6.034"/>
  <system-out/>
  <testcase classname="com.demoblaze.testcases.LoginPageTest" name="loginTest" time="4.979"/>
  <system-out/>
</testsuite> <!-- com.demoblaze.testcases.LoginPageTest -->
