<?xml version="1.0" encoding="UTF-8"?>
<!-- Generated by org.testng.reporters.JUnitReportReporter -->
<testsuite hostname="LAPTOP-6TA1GC3K" failures="0" tests="3" name="com.demoblaze.testcases.ProductInfoPageTest" time="14.448" errors="0" timestamp="2022-05-04T00:52:18 IST" skipped="0">
  <testcase classname="com.demoblaze.testcases.ProductInfoPageTest" name="selectPhone" time="5.260"/>
  <system-out/>
  <testcase classname="com.demoblaze.testcases.ProductInfoPageTest" name="selectLappy" time="4.811"/>
  <system-out/>
  <testcase classname="com.demoblaze.testcases.ProductInfoPageTest" name="selectMonitor" time="4.377"/>
  <system-out/>
</testsuite> <!-- com.demoblaze.testcases.ProductInfoPageTest -->
